<?xml version="1.0" encoding="UTF-8"?>
<testng-results ignored="0" total="1" passed="1" failed="0" skipped="0">
  <reporter-output>
  </reporter-output>
  <suite started-at="2021-06-10T20:30:01 IST" name="Suite" finished-at="2021-06-10T20:30:17 IST" duration-ms="15484">
    <groups>
    </groups>
    <test started-at="2021-06-10T20:30:01 IST" name="Test" finished-at="2021-06-10T20:30:17 IST" duration-ms="15484">
      <class name="com.mainBase.Runprograme">
        <test-method signature="testRun()[pri:0, instance:com.mainBase.Runprograme@f2ff811]" started-at="2021-06-10T20:30:01 IST" name="testRun" finished-at="2021-06-10T20:30:17 IST" duration-ms="15444" status="PASS">
          <reporter-output>
          </reporter-output>
        </test-method> <!-- testRun -->
      </class> <!-- com.mainBase.Runprograme -->
    </test> <!-- Test -->
  </suite> <!-- Suite -->
</testng-results>
