<?xml version="1.0" encoding="UTF-8"?>
<!-- Generated by org.testng.reporters.JUnitXMLReporter -->
<testsuite ignored="1" hostname="APL-C2R71B3" failures="0" tests="1" name="FirefoxTest" time="0.004" errors="0" timestamp="2022-04-12T12:09:29 IST">
  <testcase classname="com.helms.base.Basehelmspro" name="PropertiesTest" time="0.0"/>
  <testcase classname="com.helms.base.Basehelmspro" name="TestDryRun" time="0.0">
    <ignored/>
  </testcase> <!-- TestDryRun -->
</testsuite> <!-- FirefoxTest -->
